<html>
<head>
<title>TestNG:  Default test</title>
<link href="../testng.css" rel="stylesheet" type="text/css" />
<link href="../my-testng.css" rel="stylesheet" type="text/css" />

<style type="text/css">
.log { display: none;} 
.stack-trace { display: none;} 
</style>
<script type="text/javascript">
<!--
function flip(e) {
  current = e.style.display;
  if (current == 'block') {
    e.style.display = 'none';
    return 0;
  }
  else {
    e.style.display = 'block';
    return 1;
  }
}

function toggleBox(szDivId, elem, msg1, msg2)
{
  var res = -1;  if (document.getElementById) {
    res = flip(document.getElementById(szDivId));
  }
  else if (document.all) {
    // this is the way old msie versions work
    res = flip(document.all[szDivId]);
  }
  if(elem) {
    if(res == 0) elem.innerHTML = msg1; else elem.innerHTML = msg2;
  }

}

function toggleAllBoxes() {
  if (document.getElementsByTagName) {
    d = document.getElementsByTagName('div');
    for (i = 0; i < d.length; i++) {
      if (d[i].className == 'log') {
        flip(d[i]);
      }
    }
  }
}

// -->
</script>

</head>
<body>
<h2 align='center'>Default test</h2><table border='1' align="center">
<tr>
<td>Tests passed/Failed/Skipped:</td><td>0/0/3</td>
</tr><tr>
<td>Started on:</td><td>Sat Feb 25 02:03:52 CET 2023</td>
</tr>
<tr><td>Total time:</td><td>95 seconds (95982 ms)</td>
</tr><tr>
<td>Included groups:</td><td></td>
</tr><tr>
<td>Excluded groups:</td><td></td>
</tr>
</table><p/>
<small><i>(Hover the method name to see the test class name)</i></small><p/>
<table width='100%' border='1' class='invocation-skipped'>
<tr><td colspan='4' align='center'><b>SKIPPED TESTS</b></td></tr>
<tr><td><b>Test method</b></td>
<td width="30%"><b>Exception</b></td>
<td width="10%"><b>Time (seconds)</b></td>
<td><b>Instance</b></td>
</tr>
<tr>
<td title='Options.CucumberRunnerTests.runScenario()'><b>runScenario</b><br>Test class: Options.CucumberRunnerTests<br>Test method: Runs Cucumber Scenarios<br>Parameters: "Account creation", "Account creation"</td>
<td><div><pre>org.testng.SkipException: TODO: implement me
	at io.cucumber.testng.TestCaseResultObserver.lambda$assertTestCasePassed$3(TestCaseResultObserver.java:27)
	at io.cucumber.core.runtime.TestCaseResultObserver.assertTestCasePassed(TestCaseResultObserver.java:113)
	at io.cucumber.testng.TestCaseResultObserver.assertTestCasePassed(TestCaseResultObserver.java:21)
	at io.cucumber.testng.TestNGCucumberRunner.runScenario(TestNGCucumberRunner.java:125)
	at io.cucumber.testng.AbstractTestNGCucumberTests.runScenario(AbstractTestNGCucumberTests.java:29)
	at java.base/jdk.internal.reflect.NativeMethodAccessorImpl.invoke0(Native Method)
	at java.base/jdk.internal.reflect.NativeMethodAccessorImpl.invoke(NativeMethodAccessorImpl.java:77)
	at java.base/jdk.internal.reflect.DelegatingMethodAccessorImpl.invoke(DelegatingMethodAccessorImpl.java:43)
	at java.base/java.lang.reflect.Method.invoke(Method.java:568)
	at org.testng.internal.MethodInvocationHelper.invokeMethod(MethodInvocationHelper.java:133)
	at org.testng.internal.TestInvoker.invokeMethod(TestInvoker.java:598)
	at org.testng.internal.TestInvoker.invokeTestMethod(TestInvoker.java:173)
	at org.testng.internal.MethodRunner.runInSequence(MethodRunner.java:46)
	at org.testng.internal.TestInvoker$MethodInvocationAgent.invoke(TestInvoker.java:824)
	at org.testng.internal.TestInvoker.invokeTestMethods(TestInvoker.java:146)
	at org.testng.internal.TestMethodWorker.invokeTestMethods(TestMethodWorker.java:146)
	at org.testng.internal.TestMethodWorker.run(TestMethodWorker.java:128)
	at java.base/java.util.ArrayList.forEach(ArrayList.java:1511)
	at org.testng.TestRunner.privateRun(TestRunner.java:794)
	at org.testng.TestRunner.run(TestRunner.java:596)
	at org.testng.SuiteRunner.runTest(SuiteRunner.java:377)
	at org.testng.SuiteRunner.runSequentially(SuiteRunner.java:371)
	at org.testng.SuiteRunner.privateRun(SuiteRunner.java:332)
	at org.testng.SuiteRunner.run(SuiteRunner.java:276)
	at org.testng.SuiteRunnerWorker.runSuite(SuiteRunnerWorker.java:53)
	at org.testng.SuiteRunnerWorker.run(SuiteRunnerWorker.java:96)
	at org.testng.TestNG.runSuitesSequentially(TestNG.java:1212)
	at org.testng.TestNG.runSuitesLocally(TestNG.java:1134)
	at org.testng.TestNG.runSuites(TestNG.java:1063)
	at org.testng.TestNG.run(TestNG.java:1031)
	at org.testng.remote.AbstractRemoteTestNG.run(AbstractRemoteTestNG.java:115)
	at org.testng.remote.RemoteTestNG.initAndRun(RemoteTestNG.java:251)
	at org.testng.remote.RemoteTestNG.main(RemoteTestNG.java:77)
Caused by: io.cucumber.java.PendingException: TODO: implement me
	at stepdefinitions.accountCreationSteps.main_page_is_opened(accountCreationSteps.java:110)
	at ✽.main page is opened(file:///C:/Users/tbena/OneDrive/Bureau/K6/Booking_QA/src/test/java/features/TestAccountCreation.feature:15)
</pre></div><a href='#' onClick='toggleBox("stack-trace1456250665", this, "Click to show all stack frames", "Click to hide stack frames")'>Click to show all stack frames</a>
<div class='stack-trace' id='stack-trace1456250665'><pre>org.testng.SkipException: TODO: implement me
	at io.cucumber.testng.TestCaseResultObserver.lambda$assertTestCasePassed$3(TestCaseResultObserver.java:27)
	at io.cucumber.core.runtime.TestCaseResultObserver.assertTestCasePassed(TestCaseResultObserver.java:113)
	at io.cucumber.testng.TestCaseResultObserver.assertTestCasePassed(TestCaseResultObserver.java:21)
	at io.cucumber.testng.TestNGCucumberRunner.runScenario(TestNGCucumberRunner.java:125)
	at io.cucumber.testng.AbstractTestNGCucumberTests.runScenario(AbstractTestNGCucumberTests.java:29)
	at java.base/jdk.internal.reflect.NativeMethodAccessorImpl.invoke0(Native Method)
	at java.base/jdk.internal.reflect.NativeMethodAccessorImpl.invoke(NativeMethodAccessorImpl.java:77)
	at java.base/jdk.internal.reflect.DelegatingMethodAccessorImpl.invoke(DelegatingMethodAccessorImpl.java:43)
	at java.base/java.lang.reflect.Method.invoke(Method.java:568)
	at org.testng.internal.MethodInvocationHelper.invokeMethod(MethodInvocationHelper.java:133)
	at org.testng.internal.TestInvoker.invokeMethod(TestInvoker.java:598)
	at org.testng.internal.TestInvoker.invokeTestMethod(TestInvoker.java:173)
	at org.testng.internal.MethodRunner.runInSequence(MethodRunner.java:46)
	at org.testng.internal.TestInvoker$MethodInvocationAgent.invoke(TestInvoker.java:824)
	at org.testng.internal.TestInvoker.invokeTestMethods(TestInvoker.java:146)
	at org.testng.internal.TestMethodWorker.invokeTestMethods(TestMethodWorker.java:146)
	at org.testng.internal.TestMethodWorker.run(TestMethodWorker.java:128)
	at java.base/java.util.ArrayList.forEach(ArrayList.java:1511)
	at org.testng.TestRunner.privateRun(TestRunner.java:794)
	at org.testng.TestRunner.run(TestRunner.java:596)
	at org.testng.SuiteRunner.runTest(SuiteRunner.java:377)
	at org.testng.SuiteRunner.runSequentially(SuiteRunner.java:371)
	at org.testng.SuiteRunner.privateRun(SuiteRunner.java:332)
	at org.testng.SuiteRunner.run(SuiteRunner.java:276)
	at org.testng.SuiteRunnerWorker.runSuite(SuiteRunnerWorker.java:53)
	at org.testng.SuiteRunnerWorker.run(SuiteRunnerWorker.java:96)
	at org.testng.TestNG.runSuitesSequentially(TestNG.java:1212)
	at org.testng.TestNG.runSuitesLocally(TestNG.java:1134)
	at org.testng.TestNG.runSuites(TestNG.java:1063)
	at org.testng.TestNG.run(TestNG.java:1031)
	at org.testng.remote.AbstractRemoteTestNG.run(AbstractRemoteTestNG.java:115)
	at org.testng.remote.RemoteTestNG.initAndRun(RemoteTestNG.java:251)
	at org.testng.remote.RemoteTestNG.main(RemoteTestNG.java:77)
Caused by: io.cucumber.java.PendingException: TODO: implement me
	at stepdefinitions.accountCreationSteps.main_page_is_opened(accountCreationSteps.java:110)
	at ✽.main page is opened(file:///C:/Users/tbena/OneDrive/Bureau/K6/Booking_QA/src/test/java/features/TestAccountCreation.feature:15)
</pre></div></td>
<td>72</td>
<td>Options.CucumberRunnerTests@5a59ca5e</td></tr>
<tr>
<td title='Options.CucumberRunnerTests.runScenario()'><b>runScenario</b><br>Test class: Options.CucumberRunnerTests<br>Test method: Runs Cucumber Scenarios<br>Parameters: "Book cheapest hotel in city", "Book cheapest hotel"</td>
<td><div><pre>io.cucumber.testng.UndefinedStepException: There were 13 undefined steps
The step &quot;I have account created&quot; is undefined. You can implement it using the snippet(s) below:

@Given(&quot;I have account created&quot;)
public void i_have_account_created() {
    // Write code here that turns the phrase above into concrete actions
    throw new io.cucumber.java.PendingException();
}

The step &quot;I am in Home page&quot; is undefined. You can implement it using the snippet(s) below:

@Given(&quot;I am in Home page&quot;)
public void i_am_in_Home_page() {
    // Write code here that turns the phrase above into concrete actions
    throw new io.cucumber.java.PendingException();
}

The step &quot;I set up destination as &quot;Riga&quot; //make sure you have strict method for selecting cities from dropdown and select city which strictly match entered name.&quot; is undefined. You can implement it using the snippet(s) below:

@When(&quot;I set up destination as {string} \\/\\/make sure you have strict method for selecting cities from dropdown and select city which strictly match entered name.&quot;)
public void i_set_up_destination_as_make_sure_you_have_strict_method_for_selecting_cities_from_dropdown_and_select_city_which_strictly_match_entered_name(String string) {
    // Write code here that turns the phrase above into concrete actions
    throw new io.cucumber.java.PendingException();
}

The step &quot;I set dates &quot;15-03-2023&quot; - &quot;20-03-2023&quot;&quot; is undefined. You can implement it using the snippet(s) below:

@When(&quot;I set dates {string} {double} {string}&quot;)
public void i_set_dates(String string, Double double1, String string2) {
    // Write code here that turns the phrase above into concrete actions
    throw new io.cucumber.java.PendingException();
}

The step &quot;I select &quot;2&quot; adults and &quot;0&quot; children&quot; is undefined. You can implement it using the snippet(s) below:

@When(&quot;I select {string} adults and {string} children&quot;)
public void i_select_adults_and_children(String string, String string2) {
    // Write code here that turns the phrase above into concrete actions
    throw new io.cucumber.java.PendingException();
}

The step &quot;I click on &quot;Search&quot; button&quot; is undefined. You can implement it using the snippet(s) below:

@When(&quot;I click on {string} button&quot;)
public void i_click_on_button(String string) {
    // Write code here that turns the phrase above into concrete actions
    throw new io.cucumber.java.PendingException();
}

The step &quot;I click on &quot;See availability&quot; for the cheapest hotel in the list with a rating above &quot;3&quot; stars //Choose most convenient way to achieve that&quot; is undefined. You can implement it using the snippet(s) below:

@When(&quot;I click on {string} for the cheapest hotel in the list with a rating above {string} stars \\/\\/Choose most convenient way to achieve that&quot;)
public void i_click_on_for_the_cheapest_hotel_in_the_list_with_a_rating_above_stars_Choose_most_convenient_way_to_achieve_that(String string, String string2) {
    // Write code here that turns the phrase above into concrete actions
    throw new io.cucumber.java.PendingException();
}

The step &quot;&quot; Hotel Details&quot; page is opened for selected hotel // verify at least that hotel name, rating is displayed, information in available rooms section matches your previously entered information&quot; is undefined. You can implement it using the snippet(s) below:

@When(&quot;{string} page is opened for selected hotel \\/\\/ verify at least that hotel name, rating is displayed, information in available rooms section matches your previously entered information&quot;)
public void page_is_opened_for_selected_hotel_verify_at_least_that_hotel_name_rating_is_displayed_information_in_available_rooms_section_matches_your_previously_entered_information(String string) {
    // Write code here that turns the phrase above into concrete actions
    throw new io.cucumber.java.PendingException();
}

The step &quot;I click on &quot;I&apos;ll Reserve&quot; button for the most expensive available room in the hotel&quot; is undefined. You can implement it using the snippet(s) below:

@When(&quot;I click on {string} button for the most expensive available room in the hotel&quot;)
public void i_click_on_button_for_the_most_expensive_available_room_in_the_hotel(String string) {
    // Write code here that turns the phrase above into concrete actions
    throw new io.cucumber.java.PendingException();
}

The step &quot;&quot;Checkout&quot; page is displayed //verify that dates are correct, check if price matches the price in details page, reservation time counter is decreasing, check other information based on previous inputs (amount of adults, etc.)&quot; is undefined. You can implement it using the snippet(s) below:

@Then(&quot;{string} page is displayed \\/\\/verify that dates are correct, check if price matches the price in details page, reservation time counter is decreasing, check other information based on previous inputs \\(amount of adults, etc.)&quot;)
public void page_is_displayed_verify_that_dates_are_correct_check_if_price_matches_the_price_in_details_page_reservation_time_counter_is_decreasing_check_other_information_based_on_previous_inputs_amount_of_adults_etc(String string) {
    // Write code here that turns the phrase above into concrete actions
    throw new io.cucumber.java.PendingException();
}

The step &quot;I enter valid booking information&quot; is undefined. You can implement it using the snippet(s) below:

@Then(&quot;I enter valid booking information&quot;)
public void i_enter_valid_booking_information() {
    // Write code here that turns the phrase above into concrete actions
    throw new io.cucumber.java.PendingException();
}

The step &quot;I click on &quot;Next: Final Details&quot; button&quot; is undefined. You can implement it using the snippet(s) below:

@Then(&quot;I click on {string} button&quot;)
public void i_click_on_button(String string) {
    // Write code here that turns the phrase above into concrete actions
    throw new io.cucumber.java.PendingException();
}

The step &quot;&quot;Final Details&quot; page is displaye&quot; is undefined. You can implement it using the snippet(s) below:

@Then(&quot;{string} page is displaye&quot;)
public void page_is_displaye(String string) {
    // Write code here that turns the phrase above into concrete actions
    throw new io.cucumber.java.PendingException();
}

	at io.cucumber.testng.TestCaseResultObserver.lambda$assertTestCasePassed$2(TestCaseResultObserver.java:26)
	at io.cucumber.core.runtime.TestCaseResultObserver.assertTestCasePassed(TestCaseResultObserver.java:110)
	at io.cucumber.testng.TestCaseResultObserver.assertTestCasePassed(TestCaseResultObserver.java:21)
	at io.cucumber.testng.TestNGCucumberRunner.runScenario(TestNGCucumberRunner.java:125)
	at io.cucumber.testng.AbstractTestNGCucumberTests.runScenario(AbstractTestNGCucumberTests.java:29)
	at java.base/jdk.internal.reflect.NativeMethodAccessorImpl.invoke0(Native Method)
	at java.base/jdk.internal.reflect.NativeMethodAccessorImpl.invoke(NativeMethodAccessorImpl.java:77)
	at java.base/jdk.internal.reflect.DelegatingMethodAccessorImpl.invoke(DelegatingMethodAccessorImpl.java:43)
	at java.base/java.lang.reflect.Method.invoke(Method.java:568)
	at org.testng.internal.MethodInvocationHelper.invokeMethod(MethodInvocationHelper.java:133)
	at org.testng.internal.TestInvoker.invokeMethod(TestInvoker.java:598)
	at org.testng.internal.TestInvoker.invokeTestMethod(TestInvoker.java:173)
	at org.testng.internal.MethodRunner.runInSequence(MethodRunner.java:46)
	at org.testng.internal.TestInvoker$MethodInvocationAgent.invoke(TestInvoker.java:824)
	at org.testng.internal.TestInvoker.invokeTestMethods(TestInvoker.java:146)
	at org.testng.internal.TestMethodWorker.invokeTestMethods(TestMethodWorker.java:146)
	at org.testng.internal.TestMethodWorker.run(TestMethodWorker.java:128)
	at java.base/java.util.ArrayList.forEach(ArrayList.java:1511)
	at org.testng.TestRunner.privateRun(TestRunner.java:794)
	at org.testng.TestRunner.run(TestRunner.java:596)
	at org.testng.SuiteRunner.runTest(SuiteRunner.java:377)
	at org.testng.SuiteRunner.runSequentially(SuiteRunner.java:371)
	at org.testng.SuiteRunner.privateRun(SuiteRunner.java:332)
	at org.testng.SuiteRunner.run(SuiteRunner.java:276)
	at org.testng.SuiteRunnerWorker.runSuite(SuiteRunnerWorker.java:53)
	at org.testng.SuiteRunnerWorker.run(SuiteRunnerWorker.java:96)
	at org.testng.TestNG.runSuitesSequentially(TestNG.java:1212)
	at org.testng.TestNG.runSuitesLocally(TestNG.java:1134)
	at org.testng.TestNG.runSuites(TestNG.java:1063)
	at org.testng.TestNG.run(TestNG.java:1031)
	at org.testng.remote.AbstractRemoteTestNG.run(AbstractRemoteTestNG.java:115)
	at org.testng.remote.RemoteTestNG.initAndRun(RemoteTestNG.java:251)
	at org.testng.remote.RemoteTestNG.main(RemoteTestNG.java:77)
</pre></div><a href='#' onClick='toggleBox("stack-trace1282035709", this, "Click to show all stack frames", "Click to hide stack frames")'>Click to show all stack frames</a>
<div class='stack-trace' id='stack-trace1282035709'><pre>io.cucumber.testng.UndefinedStepException: There were 13 undefined steps
The step &quot;I have account created&quot; is undefined. You can implement it using the snippet(s) below:

@Given(&quot;I have account created&quot;)
public void i_have_account_created() {
    // Write code here that turns the phrase above into concrete actions
    throw new io.cucumber.java.PendingException();
}

The step &quot;I am in Home page&quot; is undefined. You can implement it using the snippet(s) below:

@Given(&quot;I am in Home page&quot;)
public void i_am_in_Home_page() {
    // Write code here that turns the phrase above into concrete actions
    throw new io.cucumber.java.PendingException();
}

The step &quot;I set up destination as &quot;Riga&quot; //make sure you have strict method for selecting cities from dropdown and select city which strictly match entered name.&quot; is undefined. You can implement it using the snippet(s) below:

@When(&quot;I set up destination as {string} \\/\\/make sure you have strict method for selecting cities from dropdown and select city which strictly match entered name.&quot;)
public void i_set_up_destination_as_make_sure_you_have_strict_method_for_selecting_cities_from_dropdown_and_select_city_which_strictly_match_entered_name(String string) {
    // Write code here that turns the phrase above into concrete actions
    throw new io.cucumber.java.PendingException();
}

The step &quot;I set dates &quot;15-03-2023&quot; - &quot;20-03-2023&quot;&quot; is undefined. You can implement it using the snippet(s) below:

@When(&quot;I set dates {string} {double} {string}&quot;)
public void i_set_dates(String string, Double double1, String string2) {
    // Write code here that turns the phrase above into concrete actions
    throw new io.cucumber.java.PendingException();
}

The step &quot;I select &quot;2&quot; adults and &quot;0&quot; children&quot; is undefined. You can implement it using the snippet(s) below:

@When(&quot;I select {string} adults and {string} children&quot;)
public void i_select_adults_and_children(String string, String string2) {
    // Write code here that turns the phrase above into concrete actions
    throw new io.cucumber.java.PendingException();
}

The step &quot;I click on &quot;Search&quot; button&quot; is undefined. You can implement it using the snippet(s) below:

@When(&quot;I click on {string} button&quot;)
public void i_click_on_button(String string) {
    // Write code here that turns the phrase above into concrete actions
    throw new io.cucumber.java.PendingException();
}

The step &quot;I click on &quot;See availability&quot; for the cheapest hotel in the list with a rating above &quot;3&quot; stars //Choose most convenient way to achieve that&quot; is undefined. You can implement it using the snippet(s) below:

@When(&quot;I click on {string} for the cheapest hotel in the list with a rating above {string} stars \\/\\/Choose most convenient way to achieve that&quot;)
public void i_click_on_for_the_cheapest_hotel_in_the_list_with_a_rating_above_stars_Choose_most_convenient_way_to_achieve_that(String string, String string2) {
    // Write code here that turns the phrase above into concrete actions
    throw new io.cucumber.java.PendingException();
}

The step &quot;&quot; Hotel Details&quot; page is opened for selected hotel // verify at least that hotel name, rating is displayed, information in available rooms section matches your previously entered information&quot; is undefined. You can implement it using the snippet(s) below:

@When(&quot;{string} page is opened for selected hotel \\/\\/ verify at least that hotel name, rating is displayed, information in available rooms section matches your previously entered information&quot;)
public void page_is_opened_for_selected_hotel_verify_at_least_that_hotel_name_rating_is_displayed_information_in_available_rooms_section_matches_your_previously_entered_information(String string) {
    // Write code here that turns the phrase above into concrete actions
    throw new io.cucumber.java.PendingException();
}

The step &quot;I click on &quot;I&apos;ll Reserve&quot; button for the most expensive available room in the hotel&quot; is undefined. You can implement it using the snippet(s) below:

@When(&quot;I click on {string} button for the most expensive available room in the hotel&quot;)
public void i_click_on_button_for_the_most_expensive_available_room_in_the_hotel(String string) {
    // Write code here that turns the phrase above into concrete actions
    throw new io.cucumber.java.PendingException();
}

The step &quot;&quot;Checkout&quot; page is displayed //verify that dates are correct, check if price matches the price in details page, reservation time counter is decreasing, check other information based on previous inputs (amount of adults, etc.)&quot; is undefined. You can implement it using the snippet(s) below:

@Then(&quot;{string} page is displayed \\/\\/verify that dates are correct, check if price matches the price in details page, reservation time counter is decreasing, check other information based on previous inputs \\(amount of adults, etc.)&quot;)
public void page_is_displayed_verify_that_dates_are_correct_check_if_price_matches_the_price_in_details_page_reservation_time_counter_is_decreasing_check_other_information_based_on_previous_inputs_amount_of_adults_etc(String string) {
    // Write code here that turns the phrase above into concrete actions
    throw new io.cucumber.java.PendingException();
}

The step &quot;I enter valid booking information&quot; is undefined. You can implement it using the snippet(s) below:

@Then(&quot;I enter valid booking information&quot;)
public void i_enter_valid_booking_information() {
    // Write code here that turns the phrase above into concrete actions
    throw new io.cucumber.java.PendingException();
}

The step &quot;I click on &quot;Next: Final Details&quot; button&quot; is undefined. You can implement it using the snippet(s) below:

@Then(&quot;I click on {string} button&quot;)
public void i_click_on_button(String string) {
    // Write code here that turns the phrase above into concrete actions
    throw new io.cucumber.java.PendingException();
}

The step &quot;&quot;Final Details&quot; page is displaye&quot; is undefined. You can implement it using the snippet(s) below:

@Then(&quot;{string} page is displaye&quot;)
public void page_is_displaye(String string) {
    // Write code here that turns the phrase above into concrete actions
    throw new io.cucumber.java.PendingException();
}

	at io.cucumber.testng.TestCaseResultObserver.lambda$assertTestCasePassed$2(TestCaseResultObserver.java:26)
	at io.cucumber.core.runtime.TestCaseResultObserver.assertTestCasePassed(TestCaseResultObserver.java:110)
	at io.cucumber.testng.TestCaseResultObserver.assertTestCasePassed(TestCaseResultObserver.java:21)
	at io.cucumber.testng.TestNGCucumberRunner.runScenario(TestNGCucumberRunner.java:125)
	at io.cucumber.testng.AbstractTestNGCucumberTests.runScenario(AbstractTestNGCucumberTests.java:29)
	at java.base/jdk.internal.reflect.NativeMethodAccessorImpl.invoke0(Native Method)
	at java.base/jdk.internal.reflect.NativeMethodAccessorImpl.invoke(NativeMethodAccessorImpl.java:77)
	at java.base/jdk.internal.reflect.DelegatingMethodAccessorImpl.invoke(DelegatingMethodAccessorImpl.java:43)
	at java.base/java.lang.reflect.Method.invoke(Method.java:568)
	at org.testng.internal.MethodInvocationHelper.invokeMethod(MethodInvocationHelper.java:133)
	at org.testng.internal.TestInvoker.invokeMethod(TestInvoker.java:598)
	at org.testng.internal.TestInvoker.invokeTestMethod(TestInvoker.java:173)
	at org.testng.internal.MethodRunner.runInSequence(MethodRunner.java:46)
	at org.testng.internal.TestInvoker$MethodInvocationAgent.invoke(TestInvoker.java:824)
	at org.testng.internal.TestInvoker.invokeTestMethods(TestInvoker.java:146)
	at org.testng.internal.TestMethodWorker.invokeTestMethods(TestMethodWorker.java:146)
	at org.testng.internal.TestMethodWorker.run(TestMethodWorker.java:128)
	at java.base/java.util.ArrayList.forEach(ArrayList.java:1511)
	at org.testng.TestRunner.privateRun(TestRunner.java:794)
	at org.testng.TestRunner.run(TestRunner.java:596)
	at org.testng.SuiteRunner.runTest(SuiteRunner.java:377)
	at org.testng.SuiteRunner.runSequentially(SuiteRunner.java:371)
	at org.testng.SuiteRunner.privateRun(SuiteRunner.java:332)
	at org.testng.SuiteRunner.run(SuiteRunner.java:276)
	at org.testng.SuiteRunnerWorker.runSuite(SuiteRunnerWorker.java:53)
	at org.testng.SuiteRunnerWorker.run(SuiteRunnerWorker.java:96)
	at org.testng.TestNG.runSuitesSequentially(TestNG.java:1212)
	at org.testng.TestNG.runSuitesLocally(TestNG.java:1134)
	at org.testng.TestNG.runSuites(TestNG.java:1063)
	at org.testng.TestNG.run(TestNG.java:1031)
	at org.testng.remote.AbstractRemoteTestNG.run(AbstractRemoteTestNG.java:115)
	at org.testng.remote.RemoteTestNG.initAndRun(RemoteTestNG.java:251)
	at org.testng.remote.RemoteTestNG.main(RemoteTestNG.java:77)
</pre></div></td>
<td>9</td>
<td>Options.CucumberRunnerTests@5a59ca5e</td></tr>
<tr>
<td title='Options.CucumberRunnerTests.runScenario()'><b>runScenario</b><br>Test class: Options.CucumberRunnerTests<br>Test method: Runs Cucumber Scenarios<br>Parameters: "Book first displayed hotel", "Book first displayed hotel"</td>
<td><div><pre>io.cucumber.testng.UndefinedStepException: There were 14 undefined steps
The step &quot;I have account created&quot; is undefined. You can implement it using the snippet(s) below:

@Given(&quot;I have account created&quot;)
public void i_have_account_created() {
    // Write code here that turns the phrase above into concrete actions
    throw new io.cucumber.java.PendingException();
}

The step &quot;I am in &quot;Home&quot; page&quot; is undefined. You can implement it using the snippet(s) below:

@Given(&quot;I am in {string} page&quot;)
public void i_am_in_page(String string) {
    // Write code here that turns the phrase above into concrete actions
    throw new io.cucumber.java.PendingException();
}

The step &quot;I set up destination as &quot;Liepaja&quot;&quot; is undefined. You can implement it using the snippet(s) below:

@When(&quot;I set up destination as {string}&quot;)
public void i_set_up_destination_as(String string) {
    // Write code here that turns the phrase above into concrete actions
    throw new io.cucumber.java.PendingException();
}

The step &quot;I set dates &quot;15-03-2023&quot; - &quot;20-03-2023&quot;&quot; is undefined. You can implement it using the snippet(s) below:

@When(&quot;I set dates {string} {double} {string}&quot;)
public void i_set_dates(String string, Double double1, String string2) {
    // Write code here that turns the phrase above into concrete actions
    throw new io.cucumber.java.PendingException();
}

The step &quot;I select &quot;2&quot; adults and &quot;1&quot; children&quot; is undefined. You can implement it using the snippet(s) below:

@When(&quot;I select {string} adults and {string} children&quot;)
public void i_select_adults_and_children(String string, String string2) {
    // Write code here that turns the phrase above into concrete actions
    throw new io.cucumber.java.PendingException();
}

The step &quot;I click on &quot;Search&quot; button&quot; is undefined. You can implement it using the snippet(s) below:

@When(&quot;I click on {string} button&quot;)
public void i_click_on_button(String string) {
    // Write code here that turns the phrase above into concrete actions
    throw new io.cucumber.java.PendingException();
}

The step &quot;I click on &quot;See availability&quot; for fist hotel in the list&quot; is undefined. You can implement it using the snippet(s) below:

@When(&quot;I click on {string} for fist hotel in the list&quot;)
public void i_click_on_for_fist_hotel_in_the_list(String string) {
    // Write code here that turns the phrase above into concrete actions
    throw new io.cucumber.java.PendingException();
}

The step &quot;&quot;Hotel Details&quot; page is opened for selected hotel // verify at least that hotel name, rating is displayed, information in available rooms section matches your previously entered information&quot; is undefined. You can implement it using the snippet(s) below:

@When(&quot;{string} page is opened for selected hotel \\/\\/ verify at least that hotel name, rating is displayed, information in available rooms section matches your previously entered information&quot;)
public void page_is_opened_for_selected_hotel_verify_at_least_that_hotel_name_rating_is_displayed_information_in_available_rooms_section_matches_your_previously_entered_information(String string) {
    // Write code here that turns the phrase above into concrete actions
    throw new io.cucumber.java.PendingException();
}

The step &quot;I click on &quot;Reserve&quot; button for recommended room&quot; is undefined. You can implement it using the snippet(s) below:

@When(&quot;I click on {string} button for recommended room&quot;)
public void i_click_on_button_for_recommended_room(String string) {
    // Write code here that turns the phrase above into concrete actions
    throw new io.cucumber.java.PendingException();
}

The step &quot;I click on “I&apos;ll Reserve” button&quot; is undefined. You can implement it using the snippet(s) below:

@When(&quot;I click on “I&apos;ll Reserve” button&quot;)
public void i_click_on_I_ll_Reserve_button() {
    // Write code here that turns the phrase above into concrete actions
    throw new io.cucumber.java.PendingException();
}

The step &quot;&quot;Checkout&quot; page is displayed //verify that dates are correct, check if price matches the price in details page, reservation time counter is decreasing, check other information based on previous inputs (amount of adults, etc.)&quot; is undefined. You can implement it using the snippet(s) below:

@Then(&quot;{string} page is displayed \\/\\/verify that dates are correct, check if price matches the price in details page, reservation time counter is decreasing, check other information based on previous inputs \\(amount of adults, etc.)&quot;)
public void page_is_displayed_verify_that_dates_are_correct_check_if_price_matches_the_price_in_details_page_reservation_time_counter_is_decreasing_check_other_information_based_on_previous_inputs_amount_of_adults_etc(String string) {
    // Write code here that turns the phrase above into concrete actions
    throw new io.cucumber.java.PendingException();
}

The step &quot;I enter valid booking information&quot; is undefined. You can implement it using the snippet(s) below:

@Then(&quot;I enter valid booking information&quot;)
public void i_enter_valid_booking_information() {
    // Write code here that turns the phrase above into concrete actions
    throw new io.cucumber.java.PendingException();
}

The step &quot;I click on &quot;Next: Final Details&quot; button&quot; is undefined. You can implement it using the snippet(s) below:

@Then(&quot;I click on {string} button&quot;)
public void i_click_on_button(String string) {
    // Write code here that turns the phrase above into concrete actions
    throw new io.cucumber.java.PendingException();
}

The step &quot;&quot;Final Details&quot; page is displayed&quot; is undefined. You can implement it using the snippet(s) below:

@Then(&quot;{string} page is displayed&quot;)
public void page_is_displayed(String string) {
    // Write code here that turns the phrase above into concrete actions
    throw new io.cucumber.java.PendingException();
}

	at io.cucumber.testng.TestCaseResultObserver.lambda$assertTestCasePassed$2(TestCaseResultObserver.java:26)
	at io.cucumber.core.runtime.TestCaseResultObserver.assertTestCasePassed(TestCaseResultObserver.java:110)
	at io.cucumber.testng.TestCaseResultObserver.assertTestCasePassed(TestCaseResultObserver.java:21)
	at io.cucumber.testng.TestNGCucumberRunner.runScenario(TestNGCucumberRunner.java:125)
	at io.cucumber.testng.AbstractTestNGCucumberTests.runScenario(AbstractTestNGCucumberTests.java:29)
	at java.base/jdk.internal.reflect.NativeMethodAccessorImpl.invoke0(Native Method)
	at java.base/jdk.internal.reflect.NativeMethodAccessorImpl.invoke(NativeMethodAccessorImpl.java:77)
	at java.base/jdk.internal.reflect.DelegatingMethodAccessorImpl.invoke(DelegatingMethodAccessorImpl.java:43)
	at java.base/java.lang.reflect.Method.invoke(Method.java:568)
	at org.testng.internal.MethodInvocationHelper.invokeMethod(MethodInvocationHelper.java:133)
	at org.testng.internal.TestInvoker.invokeMethod(TestInvoker.java:598)
	at org.testng.internal.TestInvoker.invokeTestMethod(TestInvoker.java:173)
	at org.testng.internal.MethodRunner.runInSequence(MethodRunner.java:46)
	at org.testng.internal.TestInvoker$MethodInvocationAgent.invoke(TestInvoker.java:824)
	at org.testng.internal.TestInvoker.invokeTestMethods(TestInvoker.java:146)
	at org.testng.internal.TestMethodWorker.invokeTestMethods(TestMethodWorker.java:146)
	at org.testng.internal.TestMethodWorker.run(TestMethodWorker.java:128)
	at java.base/java.util.ArrayList.forEach(ArrayList.java:1511)
	at org.testng.TestRunner.privateRun(TestRunner.java:794)
	at org.testng.TestRunner.run(TestRunner.java:596)
	at org.testng.SuiteRunner.runTest(SuiteRunner.java:377)
	at org.testng.SuiteRunner.runSequentially(SuiteRunner.java:371)
	at org.testng.SuiteRunner.privateRun(SuiteRunner.java:332)
	at org.testng.SuiteRunner.run(SuiteRunner.java:276)
	at org.testng.SuiteRunnerWorker.runSuite(SuiteRunnerWorker.java:53)
	at org.testng.SuiteRunnerWorker.run(SuiteRunnerWorker.java:96)
	at org.testng.TestNG.runSuitesSequentially(TestNG.java:1212)
	at org.testng.TestNG.runSuitesLocally(TestNG.java:1134)
	at org.testng.TestNG.runSuites(TestNG.java:1063)
	at org.testng.TestNG.run(TestNG.java:1031)
	at org.testng.remote.AbstractRemoteTestNG.run(AbstractRemoteTestNG.java:115)
	at org.testng.remote.RemoteTestNG.initAndRun(RemoteTestNG.java:251)
	at org.testng.remote.RemoteTestNG.main(RemoteTestNG.java:77)
</pre></div><a href='#' onClick='toggleBox("stack-trace757436159", this, "Click to show all stack frames", "Click to hide stack frames")'>Click to show all stack frames</a>
<div class='stack-trace' id='stack-trace757436159'><pre>io.cucumber.testng.UndefinedStepException: There were 14 undefined steps
The step &quot;I have account created&quot; is undefined. You can implement it using the snippet(s) below:

@Given(&quot;I have account created&quot;)
public void i_have_account_created() {
    // Write code here that turns the phrase above into concrete actions
    throw new io.cucumber.java.PendingException();
}

The step &quot;I am in &quot;Home&quot; page&quot; is undefined. You can implement it using the snippet(s) below:

@Given(&quot;I am in {string} page&quot;)
public void i_am_in_page(String string) {
    // Write code here that turns the phrase above into concrete actions
    throw new io.cucumber.java.PendingException();
}

The step &quot;I set up destination as &quot;Liepaja&quot;&quot; is undefined. You can implement it using the snippet(s) below:

@When(&quot;I set up destination as {string}&quot;)
public void i_set_up_destination_as(String string) {
    // Write code here that turns the phrase above into concrete actions
    throw new io.cucumber.java.PendingException();
}

The step &quot;I set dates &quot;15-03-2023&quot; - &quot;20-03-2023&quot;&quot; is undefined. You can implement it using the snippet(s) below:

@When(&quot;I set dates {string} {double} {string}&quot;)
public void i_set_dates(String string, Double double1, String string2) {
    // Write code here that turns the phrase above into concrete actions
    throw new io.cucumber.java.PendingException();
}

The step &quot;I select &quot;2&quot; adults and &quot;1&quot; children&quot; is undefined. You can implement it using the snippet(s) below:

@When(&quot;I select {string} adults and {string} children&quot;)
public void i_select_adults_and_children(String string, String string2) {
    // Write code here that turns the phrase above into concrete actions
    throw new io.cucumber.java.PendingException();
}

The step &quot;I click on &quot;Search&quot; button&quot; is undefined. You can implement it using the snippet(s) below:

@When(&quot;I click on {string} button&quot;)
public void i_click_on_button(String string) {
    // Write code here that turns the phrase above into concrete actions
    throw new io.cucumber.java.PendingException();
}

The step &quot;I click on &quot;See availability&quot; for fist hotel in the list&quot; is undefined. You can implement it using the snippet(s) below:

@When(&quot;I click on {string} for fist hotel in the list&quot;)
public void i_click_on_for_fist_hotel_in_the_list(String string) {
    // Write code here that turns the phrase above into concrete actions
    throw new io.cucumber.java.PendingException();
}

The step &quot;&quot;Hotel Details&quot; page is opened for selected hotel // verify at least that hotel name, rating is displayed, information in available rooms section matches your previously entered information&quot; is undefined. You can implement it using the snippet(s) below:

@When(&quot;{string} page is opened for selected hotel \\/\\/ verify at least that hotel name, rating is displayed, information in available rooms section matches your previously entered information&quot;)
public void page_is_opened_for_selected_hotel_verify_at_least_that_hotel_name_rating_is_displayed_information_in_available_rooms_section_matches_your_previously_entered_information(String string) {
    // Write code here that turns the phrase above into concrete actions
    throw new io.cucumber.java.PendingException();
}

The step &quot;I click on &quot;Reserve&quot; button for recommended room&quot; is undefined. You can implement it using the snippet(s) below:

@When(&quot;I click on {string} button for recommended room&quot;)
public void i_click_on_button_for_recommended_room(String string) {
    // Write code here that turns the phrase above into concrete actions
    throw new io.cucumber.java.PendingException();
}

The step &quot;I click on “I&apos;ll Reserve” button&quot; is undefined. You can implement it using the snippet(s) below:

@When(&quot;I click on “I&apos;ll Reserve” button&quot;)
public void i_click_on_I_ll_Reserve_button() {
    // Write code here that turns the phrase above into concrete actions
    throw new io.cucumber.java.PendingException();
}

The step &quot;&quot;Checkout&quot; page is displayed //verify that dates are correct, check if price matches the price in details page, reservation time counter is decreasing, check other information based on previous inputs (amount of adults, etc.)&quot; is undefined. You can implement it using the snippet(s) below:

@Then(&quot;{string} page is displayed \\/\\/verify that dates are correct, check if price matches the price in details page, reservation time counter is decreasing, check other information based on previous inputs \\(amount of adults, etc.)&quot;)
public void page_is_displayed_verify_that_dates_are_correct_check_if_price_matches_the_price_in_details_page_reservation_time_counter_is_decreasing_check_other_information_based_on_previous_inputs_amount_of_adults_etc(String string) {
    // Write code here that turns the phrase above into concrete actions
    throw new io.cucumber.java.PendingException();
}

The step &quot;I enter valid booking information&quot; is undefined. You can implement it using the snippet(s) below:

@Then(&quot;I enter valid booking information&quot;)
public void i_enter_valid_booking_information() {
    // Write code here that turns the phrase above into concrete actions
    throw new io.cucumber.java.PendingException();
}

The step &quot;I click on &quot;Next: Final Details&quot; button&quot; is undefined. You can implement it using the snippet(s) below:

@Then(&quot;I click on {string} button&quot;)
public void i_click_on_button(String string) {
    // Write code here that turns the phrase above into concrete actions
    throw new io.cucumber.java.PendingException();
}

The step &quot;&quot;Final Details&quot; page is displayed&quot; is undefined. You can implement it using the snippet(s) below:

@Then(&quot;{string} page is displayed&quot;)
public void page_is_displayed(String string) {
    // Write code here that turns the phrase above into concrete actions
    throw new io.cucumber.java.PendingException();
}

	at io.cucumber.testng.TestCaseResultObserver.lambda$assertTestCasePassed$2(TestCaseResultObserver.java:26)
	at io.cucumber.core.runtime.TestCaseResultObserver.assertTestCasePassed(TestCaseResultObserver.java:110)
	at io.cucumber.testng.TestCaseResultObserver.assertTestCasePassed(TestCaseResultObserver.java:21)
	at io.cucumber.testng.TestNGCucumberRunner.runScenario(TestNGCucumberRunner.java:125)
	at io.cucumber.testng.AbstractTestNGCucumberTests.runScenario(AbstractTestNGCucumberTests.java:29)
	at java.base/jdk.internal.reflect.NativeMethodAccessorImpl.invoke0(Native Method)
	at java.base/jdk.internal.reflect.NativeMethodAccessorImpl.invoke(NativeMethodAccessorImpl.java:77)
	at java.base/jdk.internal.reflect.DelegatingMethodAccessorImpl.invoke(DelegatingMethodAccessorImpl.java:43)
	at java.base/java.lang.reflect.Method.invoke(Method.java:568)
	at org.testng.internal.MethodInvocationHelper.invokeMethod(MethodInvocationHelper.java:133)
	at org.testng.internal.TestInvoker.invokeMethod(TestInvoker.java:598)
	at org.testng.internal.TestInvoker.invokeTestMethod(TestInvoker.java:173)
	at org.testng.internal.MethodRunner.runInSequence(MethodRunner.java:46)
	at org.testng.internal.TestInvoker$MethodInvocationAgent.invoke(TestInvoker.java:824)
	at org.testng.internal.TestInvoker.invokeTestMethods(TestInvoker.java:146)
	at org.testng.internal.TestMethodWorker.invokeTestMethods(TestMethodWorker.java:146)
	at org.testng.internal.TestMethodWorker.run(TestMethodWorker.java:128)
	at java.base/java.util.ArrayList.forEach(ArrayList.java:1511)
	at org.testng.TestRunner.privateRun(TestRunner.java:794)
	at org.testng.TestRunner.run(TestRunner.java:596)
	at org.testng.SuiteRunner.runTest(SuiteRunner.java:377)
	at org.testng.SuiteRunner.runSequentially(SuiteRunner.java:371)
	at org.testng.SuiteRunner.privateRun(SuiteRunner.java:332)
	at org.testng.SuiteRunner.run(SuiteRunner.java:276)
	at org.testng.SuiteRunnerWorker.runSuite(SuiteRunnerWorker.java:53)
	at org.testng.SuiteRunnerWorker.run(SuiteRunnerWorker.java:96)
	at org.testng.TestNG.runSuitesSequentially(TestNG.java:1212)
	at org.testng.TestNG.runSuitesLocally(TestNG.java:1134)
	at org.testng.TestNG.runSuites(TestNG.java:1063)
	at org.testng.TestNG.run(TestNG.java:1031)
	at org.testng.remote.AbstractRemoteTestNG.run(AbstractRemoteTestNG.java:115)
	at org.testng.remote.RemoteTestNG.initAndRun(RemoteTestNG.java:251)
	at org.testng.remote.RemoteTestNG.main(RemoteTestNG.java:77)
</pre></div></td>
<td>12</td>
<td>Options.CucumberRunnerTests@5a59ca5e</td></tr>
</table><p>
</body>
</html>