{"name":"Account creation","status":"broken","statusDetails":{"known":false,"muted":false,"flaky":false,"message":"Expected condition failed: waiting for visibility of element located by By.cssSelector: .ae1678b153 svg (tried for 20 second(s) with 500 milliseconds interval)\nBuild info: version: '4.1.0', revision: '87802e897b'\nSystem info: host: 'MR_ACHOUR', ip: '192.168.43.239', os.name: 'Windows 11', os.arch: 'amd64', os.version: '10.0', java.version: '17.0.4'\nDriver info: org.openqa.selenium.chrome.ChromeDriver\nCapabilities {acceptInsecureCerts: false, browserName: chrome, browserVersion: 110.0.5481.178, chrome: {chromedriverVersion: 110.0.5481.77 (65ed616c6e8e..., userDataDir: C:\\Users\\tbena\\AppData\\Loca...}, goog:chromeOptions: {debuggerAddress: localhost:52302}, javascriptEnabled: true, networkConnectionEnabled: false, pageLoadStrategy: normal, platform: WINDOWS, platformName: WINDOWS, proxy: Proxy(), se:cdp: ws://localhost:52302/devtoo..., se:cdpVersion: 110.0.5481.178, setWindowRect: true, strictFileInteractability: false, timeouts: {implicit: 0, pageLoad: 300000, script: 30000}, unhandledPromptBehavior: dismiss and notify, webauthn:extension:credBlob: true, webauthn:extension:largeBlob: true, webauthn:virtualAuthenticators: true}\nSession ID: 3fbdcaf02ba38281a4ef362498607858","trace":"org.openqa.selenium.TimeoutException: Expected condition failed: waiting for visibility of element located by By.cssSelector: .ae1678b153 svg (tried for 20 second(s) with 500 milliseconds interval)\nBuild info: version: '4.1.0', revision: '87802e897b'\nSystem info: host: 'MR_ACHOUR', ip: '192.168.43.239', os.name: 'Windows 11', os.arch: 'amd64', os.version: '10.0', java.version: '17.0.4'\nDriver info: org.openqa.selenium.chrome.ChromeDriver\nCapabilities {acceptInsecureCerts: false, browserName: chrome, browserVersion: 110.0.5481.178, chrome: {chromedriverVersion: 110.0.5481.77 (65ed616c6e8e..., userDataDir: C:\\Users\\tbena\\AppData\\Loca...}, goog:chromeOptions: {debuggerAddress: localhost:52302}, javascriptEnabled: true, networkConnectionEnabled: false, pageLoadStrategy: normal, platform: WINDOWS, platformName: WINDOWS, proxy: Proxy(), se:cdp: ws://localhost:52302/devtoo..., se:cdpVersion: 110.0.5481.178, setWindowRect: true, strictFileInteractability: false, timeouts: {implicit: 0, pageLoad: 300000, script: 30000}, unhandledPromptBehavior: dismiss and notify, webauthn:extension:credBlob: true, webauthn:extension:largeBlob: true, webauthn:virtualAuthenticators: true}\nSession ID: 3fbdcaf02ba38281a4ef362498607858\r\n\tat org.openqa.selenium.support.ui.WebDriverWait.timeoutException(WebDriverWait.java:138)\r\n\tat org.openqa.selenium.support.ui.FluentWait.until(FluentWait.java:231)\r\n\tat stepdefinitions.accountCreationSteps.i_am_on_the_login_page(accountCreationSteps.java:37)\r\n\tat ✽.I am on the login page(file:///C:/Users/tbena/OneDrive/Bureau/K6/Booking_QA/src/test/java/features/TestAccountCreation.feature:5)\r\n"},"stage":"finished","steps":[{"name":"Given  I am on the login page","status":"broken","statusDetails":{"known":false,"muted":false,"flaky":false,"message":"Expected condition failed: waiting for visibility of element located by By.cssSelector: .ae1678b153 svg (tried for 20 second(s) with 500 milliseconds interval)\nBuild info: version: '4.1.0', revision: '87802e897b'\nSystem info: host: 'MR_ACHOUR', ip: '192.168.43.239', os.name: 'Windows 11', os.arch: 'amd64', os.version: '10.0', java.version: '17.0.4'\nDriver info: org.openqa.selenium.chrome.ChromeDriver\nCapabilities {acceptInsecureCerts: false, browserName: chrome, browserVersion: 110.0.5481.178, chrome: {chromedriverVersion: 110.0.5481.77 (65ed616c6e8e..., userDataDir: C:\\Users\\tbena\\AppData\\Loca...}, goog:chromeOptions: {debuggerAddress: localhost:52302}, javascriptEnabled: true, networkConnectionEnabled: false, pageLoadStrategy: normal, platform: WINDOWS, platformName: WINDOWS, proxy: Proxy(), se:cdp: ws://localhost:52302/devtoo..., se:cdpVersion: 110.0.5481.178, setWindowRect: true, strictFileInteractability: false, timeouts: {implicit: 0, pageLoad: 300000, script: 30000}, unhandledPromptBehavior: dismiss and notify, webauthn:extension:credBlob: true, webauthn:extension:largeBlob: true, webauthn:virtualAuthenticators: true}\nSession ID: 3fbdcaf02ba38281a4ef362498607858","trace":"org.openqa.selenium.TimeoutException: Expected condition failed: waiting for visibility of element located by By.cssSelector: .ae1678b153 svg (tried for 20 second(s) with 500 milliseconds interval)\nBuild info: version: '4.1.0', revision: '87802e897b'\nSystem info: host: 'MR_ACHOUR', ip: '192.168.43.239', os.name: 'Windows 11', os.arch: 'amd64', os.version: '10.0', java.version: '17.0.4'\nDriver info: org.openqa.selenium.chrome.ChromeDriver\nCapabilities {acceptInsecureCerts: false, browserName: chrome, browserVersion: 110.0.5481.178, chrome: {chromedriverVersion: 110.0.5481.77 (65ed616c6e8e..., userDataDir: C:\\Users\\tbena\\AppData\\Loca...}, goog:chromeOptions: {debuggerAddress: localhost:52302}, javascriptEnabled: true, networkConnectionEnabled: false, pageLoadStrategy: normal, platform: WINDOWS, platformName: WINDOWS, proxy: Proxy(), se:cdp: ws://localhost:52302/devtoo..., se:cdpVersion: 110.0.5481.178, setWindowRect: true, strictFileInteractability: false, timeouts: {implicit: 0, pageLoad: 300000, script: 30000}, unhandledPromptBehavior: dismiss and notify, webauthn:extension:credBlob: true, webauthn:extension:largeBlob: true, webauthn:virtualAuthenticators: true}\nSession ID: 3fbdcaf02ba38281a4ef362498607858\r\n\tat org.openqa.selenium.support.ui.WebDriverWait.timeoutException(WebDriverWait.java:138)\r\n\tat org.openqa.selenium.support.ui.FluentWait.until(FluentWait.java:231)\r\n\tat stepdefinitions.accountCreationSteps.i_am_on_the_login_page(accountCreationSteps.java:37)\r\n\tat ✽.I am on the login page(file:///C:/Users/tbena/OneDrive/Bureau/K6/Booking_QA/src/test/java/features/TestAccountCreation.feature:5)\r\n"},"stage":"finished","steps":[],"attachments":[],"parameters":[],"start":1677438985892,"stop":1677439025717},{"name":"And  language used is English","status":"skipped","statusDetails":{"known":false,"muted":false,"flaky":false},"stage":"finished","steps":[],"attachments":[],"parameters":[],"start":1677439025718,"stop":1677439025718},{"name":"And  Currency is USD","status":"skipped","statusDetails":{"known":false,"muted":false,"flaky":false},"stage":"finished","steps":[],"attachments":[],"parameters":[],"start":1677439025718,"stop":1677439025718},{"name":"Given  I am in Sign Up page","status":"skipped","statusDetails":{"known":false,"muted":false,"flaky":false},"stage":"finished","steps":[],"attachments":[],"parameters":[],"start":1677439025719,"stop":1677439025719},{"name":"When  I enter valid user email","status":"skipped","statusDetails":{"known":false,"muted":false,"flaky":false},"stage":"finished","steps":[],"attachments":[],"parameters":[],"start":1677439025719,"stop":1677439025720},{"name":"And  click on “GET STARTED” button","status":"skipped","statusDetails":{"known":false,"muted":false,"flaky":false},"stage":"finished","steps":[],"attachments":[],"parameters":[],"start":1677439025720,"stop":1677439025720},{"name":"And  I enter valid password","status":"skipped","statusDetails":{"known":false,"muted":false,"flaky":false},"stage":"finished","steps":[],"attachments":[],"parameters":[],"start":1677439025720,"stop":1677439025720},{"name":"And  click on “Create Account” button","status":"skipped","statusDetails":{"known":false,"muted":false,"flaky":false},"stage":"finished","steps":[],"attachments":[],"parameters":[],"start":1677439025720,"stop":1677439025720},{"name":"And  main page is opened","status":"skipped","statusDetails":{"known":false,"muted":false,"flaky":false},"stage":"finished","steps":[],"attachments":[],"parameters":[],"start":1677439025720,"stop":1677439025720},{"name":"And  I click on “Manage Acounts” button under account menu","status":"skipped","statusDetails":{"known":false,"muted":false,"flaky":false},"stage":"finished","steps":[],"attachments":[],"parameters":[],"start":1677439025720,"stop":1677439025720},{"name":"And  I click on “Personal Details” button under manage accounts section","status":"skipped","statusDetails":{"known":false,"muted":false,"flaky":false},"stage":"finished","steps":[],"attachments":[],"parameters":[],"start":1677439025720,"stop":1677439025720},{"name":"Then  “Personal Details” page is opened","status":"skipped","statusDetails":{"known":false,"muted":false,"flaky":false},"stage":"finished","steps":[],"attachments":[],"parameters":[],"start":1677439025721,"stop":1677439025721},{"name":"And  correct value is prefilled in email verification placeholder based on registered email","statusDetails":{"known":false,"muted":false,"flaky":false,"message":"Undefined Step. Please add step definition","trace":"java.lang.IllegalStateException: Undefined Step. Please add step definition\r\n\tat io.qameta.allure.cucumber5jvm.AllureCucumber5Jvm.handlePickleStep(AllureCucumber5Jvm.java:390)\r\n\tat io.qameta.allure.cucumber5jvm.AllureCucumber5Jvm.handleTestStepFinished(AllureCucumber5Jvm.java:239)\r\n\tat io.cucumber.core.eventbus.AbstractEventPublisher.send(AbstractEventPublisher.java:45)\r\n\tat io.cucumber.core.eventbus.AbstractEventBus.send(AbstractEventBus.java:9)\r\n\tat io.cucumber.core.runtime.ThreadLocalRunnerSupplier$SynchronizedEventBus.send(ThreadLocalRunnerSupplier.java:100)\r\n\tat io.cucumber.core.runtime.ThreadLocalRunnerSupplier$LocalEventBus.send(ThreadLocalRunnerSupplier.java:68)\r\n\tat io.cucumber.core.runner.TestStep.run(TestStep.java:58)\r\n\tat io.cucumber.core.runner.PickleStepTestStep.run(PickleStepTestStep.java:46)\r\n\tat io.cucumber.core.runner.TestCase.run(TestCase.java:51)\r\n\tat io.cucumber.core.runner.Runner.runPickle(Runner.java:67)\r\n\tat io.cucumber.testng.TestNGCucumberRunner.runScenario(TestNGCucumberRunner.java:124)\r\n\tat io.cucumber.testng.AbstractTestNGCucumberTests.runScenario(AbstractTestNGCucumberTests.java:29)\r\n\tat java.base/jdk.internal.reflect.NativeMethodAccessorImpl.invoke0(Native Method)\r\n\tat java.base/jdk.internal.reflect.NativeMethodAccessorImpl.invoke(NativeMethodAccessorImpl.java:77)\r\n\tat java.base/jdk.internal.reflect.DelegatingMethodAccessorImpl.invoke(DelegatingMethodAccessorImpl.java:43)\r\n\tat java.base/java.lang.reflect.Method.invoke(Method.java:568)\r\n\tat org.testng.internal.MethodInvocationHelper.invokeMethod(MethodInvocationHelper.java:133)\r\n\tat org.testng.internal.TestInvoker.invokeMethod(TestInvoker.java:598)\r\n\tat org.testng.internal.TestInvoker.invokeTestMethod(TestInvoker.java:173)\r\n\tat org.testng.internal.TestMethodWithDataProviderMethodWorker.call(TestMethodWithDataProviderMethodWorker.java:77)\r\n\tat org.testng.internal.TestMethodWithDataProviderMethodWorker.call(TestMethodWithDataProviderMethodWorker.java:15)\r\n\tat java.base/java.util.concurrent.FutureTask.run(FutureTask.java:264)\r\n\tat java.base/java.util.concurrent.Executors$RunnableAdapter.call(Executors.java:539)\r\n\tat java.base/java.util.concurrent.FutureTask.run(FutureTask.java:264)\r\n\tat java.base/java.util.concurrent.ThreadPoolExecutor.runWorker(ThreadPoolExecutor.java:1136)\r\n\tat java.base/java.util.concurrent.ThreadPoolExecutor$Worker.run(ThreadPoolExecutor.java:635)\r\n\tat java.base/java.lang.Thread.run(Thread.java:833)\r\n"},"stage":"finished","steps":[],"attachments":[],"parameters":[],"start":1677439025721,"stop":1677439025723}],"attachments":[],"parameters":[],"start":1677438982805,"stop":1677439026035,"uuid":"c0dba7c6-1503-4686-8eb4-66cb90bc4436","historyId":"c33ba7d8f07fc2dbb9855542b776cbec","fullName":"Account creation: Account creation","labels":[{"name":"host","value":"MR_ACHOUR"},{"name":"thread","value":"4288@MR_ACHOUR.TestNG-PoolService-0(17)"},{"name":"feature","value":"Account creation"},{"name":"story","value":"Account creation"},{"name":"suite","value":"Account creation"},{"name":"testClass","value":"Account creation"},{"name":"framework","value":"cucumber4jvm"},{"name":"language","value":"java"},{"name":"gherkin_uri","value":"file:///C:/Users/tbena/OneDrive/Bureau/K6/Booking_QA/src/test/java/features/TestAccountCreation.feature"},{"name":"package","value":"src.test.java.features.TestAccountCreation_feature.Account creation"}],"links":[]}