{"name":"Account creation","status":"broken","statusDetails":{"known":false,"muted":false,"flaky":false,"message":"Unable to find element with locator By.cssSelector: .modal\\-mask\\-closeBtn\nFor documentation on this error, please visit: https://selenium.dev/exceptions/#no_such_element\nBuild info: version: '4.1.0', revision: '87802e897b'\nSystem info: host: 'MR_ACHOUR', ip: '192.168.43.239', os.name: 'Windows 11', os.arch: 'amd64', os.version: '10.0', java.version: '17.0.4'\nDriver info: driver.version: RemoteWebDriver","trace":"org.openqa.selenium.NoSuchElementException: Unable to find element with locator By.cssSelector: .modal\\-mask\\-closeBtn\nFor documentation on this error, please visit: https://selenium.dev/exceptions/#no_such_element\nBuild info: version: '4.1.0', revision: '87802e897b'\nSystem info: host: 'MR_ACHOUR', ip: '192.168.43.239', os.name: 'Windows 11', os.arch: 'amd64', os.version: '10.0', java.version: '17.0.4'\nDriver info: driver.version: RemoteWebDriver\r\n\tat org.openqa.selenium.remote.ElementLocation$ElementFinder$2.findElement(ElementLocation.java:165)\r\n\tat org.openqa.selenium.remote.ElementLocation.findElement(ElementLocation.java:60)\r\n\tat org.openqa.selenium.remote.RemoteWebDriver.findElement(RemoteWebDriver.java:383)\r\n\tat org.openqa.selenium.remote.RemoteWebDriver.findElement(RemoteWebDriver.java:375)\r\n\tat org.openqa.selenium.By$PreW3CLocator.findElement(By.java:429)\r\n\tat org.openqa.selenium.By$ByClassName.findElement(By.java:298)\r\n\tat org.openqa.selenium.remote.ElementLocation$ElementFinder$1.findElement(ElementLocation.java:136)\r\n\tat org.openqa.selenium.remote.ElementLocation.findElement(ElementLocation.java:80)\r\n\tat org.openqa.selenium.remote.RemoteWebDriver.findElement(RemoteWebDriver.java:383)\r\n\tat org.openqa.selenium.remote.RemoteWebDriver.findElement(RemoteWebDriver.java:375)\r\n\tat stepdefinitions.accountCreationSteps.main_page_is_opened(accountCreationSteps.java:96)\r\n\tat ✽.main page is opened(file:///C:/Users/tbena/OneDrive/Bureau/K6/Booking_QA/src/test/java/features/TestAccountCreation.feature:15)\r\n"},"stage":"finished","steps":[{"name":"Given  I am on the login page","status":"passed","statusDetails":{"known":false,"muted":false,"flaky":false},"stage":"finished","steps":[],"attachments":[],"parameters":[],"start":1677440621396,"stop":1677440634482},{"name":"And  language used is English","status":"passed","statusDetails":{"known":false,"muted":false,"flaky":false},"stage":"finished","steps":[],"attachments":[],"parameters":[],"start":1677440634483,"stop":1677440641743},{"name":"And  Currency is USD","status":"passed","statusDetails":{"known":false,"muted":false,"flaky":false},"stage":"finished","steps":[],"attachments":[],"parameters":[],"start":1677440641743,"stop":1677440646845},{"name":"Given  I am in Sign Up page","status":"passed","statusDetails":{"known":false,"muted":false,"flaky":false},"stage":"finished","steps":[],"attachments":[],"parameters":[],"start":1677440646845,"stop":1677440652897},{"name":"When  I enter valid user email","status":"passed","statusDetails":{"known":false,"muted":false,"flaky":false},"stage":"finished","steps":[],"attachments":[],"parameters":[],"start":1677440652897,"stop":1677440653037},{"name":"And  click on “GET STARTED” button","status":"passed","statusDetails":{"known":false,"muted":false,"flaky":false},"stage":"finished","steps":[],"attachments":[],"parameters":[],"start":1677440653037,"stop":1677440653102},{"name":"And  I enter valid password","status":"passed","statusDetails":{"known":false,"muted":false,"flaky":false},"stage":"finished","steps":[],"attachments":[],"parameters":[],"start":1677440653102,"stop":1677440654212},{"name":"And  click on “Create Account” button","status":"passed","statusDetails":{"known":false,"muted":false,"flaky":false},"stage":"finished","steps":[],"attachments":[],"parameters":[],"start":1677440654212,"stop":1677440654317},{"name":"And  main page is opened","status":"broken","statusDetails":{"known":false,"muted":false,"flaky":false,"message":"Unable to find element with locator By.cssSelector: .modal\\-mask\\-closeBtn\nFor documentation on this error, please visit: https://selenium.dev/exceptions/#no_such_element\nBuild info: version: '4.1.0', revision: '87802e897b'\nSystem info: host: 'MR_ACHOUR', ip: '192.168.43.239', os.name: 'Windows 11', os.arch: 'amd64', os.version: '10.0', java.version: '17.0.4'\nDriver info: driver.version: RemoteWebDriver","trace":"org.openqa.selenium.NoSuchElementException: Unable to find element with locator By.cssSelector: .modal\\-mask\\-closeBtn\nFor documentation on this error, please visit: https://selenium.dev/exceptions/#no_such_element\nBuild info: version: '4.1.0', revision: '87802e897b'\nSystem info: host: 'MR_ACHOUR', ip: '192.168.43.239', os.name: 'Windows 11', os.arch: 'amd64', os.version: '10.0', java.version: '17.0.4'\nDriver info: driver.version: RemoteWebDriver\r\n\tat org.openqa.selenium.remote.ElementLocation$ElementFinder$2.findElement(ElementLocation.java:165)\r\n\tat org.openqa.selenium.remote.ElementLocation.findElement(ElementLocation.java:60)\r\n\tat org.openqa.selenium.remote.RemoteWebDriver.findElement(RemoteWebDriver.java:383)\r\n\tat org.openqa.selenium.remote.RemoteWebDriver.findElement(RemoteWebDriver.java:375)\r\n\tat org.openqa.selenium.By$PreW3CLocator.findElement(By.java:429)\r\n\tat org.openqa.selenium.By$ByClassName.findElement(By.java:298)\r\n\tat org.openqa.selenium.remote.ElementLocation$ElementFinder$1.findElement(ElementLocation.java:136)\r\n\tat org.openqa.selenium.remote.ElementLocation.findElement(ElementLocation.java:80)\r\n\tat org.openqa.selenium.remote.RemoteWebDriver.findElement(RemoteWebDriver.java:383)\r\n\tat org.openqa.selenium.remote.RemoteWebDriver.findElement(RemoteWebDriver.java:375)\r\n\tat stepdefinitions.accountCreationSteps.main_page_is_opened(accountCreationSteps.java:96)\r\n\tat ✽.main page is opened(file:///C:/Users/tbena/OneDrive/Bureau/K6/Booking_QA/src/test/java/features/TestAccountCreation.feature:15)\r\n"},"stage":"finished","steps":[],"attachments":[],"parameters":[],"start":1677440654318,"stop":1677440673778},{"name":"And  I click on “Manage Acounts” button under account menu","status":"skipped","statusDetails":{"known":false,"muted":false,"flaky":false},"stage":"finished","steps":[],"attachments":[],"parameters":[],"start":1677440673778,"stop":1677440673778},{"name":"And  I click on “Personal Details” button under manage accounts section","status":"skipped","statusDetails":{"known":false,"muted":false,"flaky":false},"stage":"finished","steps":[],"attachments":[],"parameters":[],"start":1677440673779,"stop":1677440673779},{"name":"Then  “Personal Details” page is opened","status":"skipped","statusDetails":{"known":false,"muted":false,"flaky":false},"stage":"finished","steps":[],"attachments":[],"parameters":[],"start":1677440673779,"stop":1677440673779},{"name":"And  correct value is prefilled in email verification placeholder based on registered email","statusDetails":{"known":false,"muted":false,"flaky":false,"message":"Undefined Step. Please add step definition","trace":"java.lang.IllegalStateException: Undefined Step. Please add step definition\r\n\tat io.qameta.allure.cucumber5jvm.AllureCucumber5Jvm.handlePickleStep(AllureCucumber5Jvm.java:390)\r\n\tat io.qameta.allure.cucumber5jvm.AllureCucumber5Jvm.handleTestStepFinished(AllureCucumber5Jvm.java:239)\r\n\tat io.cucumber.core.eventbus.AbstractEventPublisher.send(AbstractEventPublisher.java:45)\r\n\tat io.cucumber.core.eventbus.AbstractEventBus.send(AbstractEventBus.java:9)\r\n\tat io.cucumber.core.runtime.ThreadLocalRunnerSupplier$SynchronizedEventBus.send(ThreadLocalRunnerSupplier.java:100)\r\n\tat io.cucumber.core.runtime.ThreadLocalRunnerSupplier$LocalEventBus.send(ThreadLocalRunnerSupplier.java:68)\r\n\tat io.cucumber.core.runner.TestStep.run(TestStep.java:58)\r\n\tat io.cucumber.core.runner.PickleStepTestStep.run(PickleStepTestStep.java:46)\r\n\tat io.cucumber.core.runner.TestCase.run(TestCase.java:51)\r\n\tat io.cucumber.core.runner.Runner.runPickle(Runner.java:67)\r\n\tat io.cucumber.testng.TestNGCucumberRunner.runScenario(TestNGCucumberRunner.java:124)\r\n\tat io.cucumber.testng.AbstractTestNGCucumberTests.runScenario(AbstractTestNGCucumberTests.java:29)\r\n\tat java.base/jdk.internal.reflect.NativeMethodAccessorImpl.invoke0(Native Method)\r\n\tat java.base/jdk.internal.reflect.NativeMethodAccessorImpl.invoke(NativeMethodAccessorImpl.java:77)\r\n\tat java.base/jdk.internal.reflect.DelegatingMethodAccessorImpl.invoke(DelegatingMethodAccessorImpl.java:43)\r\n\tat java.base/java.lang.reflect.Method.invoke(Method.java:568)\r\n\tat org.testng.internal.MethodInvocationHelper.invokeMethod(MethodInvocationHelper.java:133)\r\n\tat org.testng.internal.TestInvoker.invokeMethod(TestInvoker.java:598)\r\n\tat org.testng.internal.TestInvoker.invokeTestMethod(TestInvoker.java:173)\r\n\tat org.testng.internal.TestMethodWithDataProviderMethodWorker.call(TestMethodWithDataProviderMethodWorker.java:77)\r\n\tat org.testng.internal.TestMethodWithDataProviderMethodWorker.call(TestMethodWithDataProviderMethodWorker.java:15)\r\n\tat java.base/java.util.concurrent.FutureTask.run(FutureTask.java:264)\r\n\tat java.base/java.util.concurrent.Executors$RunnableAdapter.call(Executors.java:539)\r\n\tat java.base/java.util.concurrent.FutureTask.run(FutureTask.java:264)\r\n\tat java.base/java.util.concurrent.ThreadPoolExecutor.runWorker(ThreadPoolExecutor.java:1136)\r\n\tat java.base/java.util.concurrent.ThreadPoolExecutor$Worker.run(ThreadPoolExecutor.java:635)\r\n\tat java.base/java.lang.Thread.run(Thread.java:833)\r\n"},"stage":"finished","steps":[],"attachments":[],"parameters":[],"start":1677440673779,"stop":1677440673779}],"attachments":[],"parameters":[],"start":1677440618891,"stop":1677440673871,"uuid":"d51ebbf3-3011-40be-96a1-eeb8b007f198","historyId":"c33ba7d8f07fc2dbb9855542b776cbec","fullName":"Account creation: Account creation","labels":[{"name":"host","value":"MR_ACHOUR"},{"name":"thread","value":"23176@MR_ACHOUR.TestNG-PoolService-0(17)"},{"name":"feature","value":"Account creation"},{"name":"story","value":"Account creation"},{"name":"suite","value":"Account creation"},{"name":"testClass","value":"Account creation"},{"name":"framework","value":"cucumber4jvm"},{"name":"language","value":"java"},{"name":"gherkin_uri","value":"file:///C:/Users/tbena/OneDrive/Bureau/K6/Booking_QA/src/test/java/features/TestAccountCreation.feature"},{"name":"package","value":"src.test.java.features.TestAccountCreation_feature.Account creation"}],"links":[]}