{"uid":"213e00109cfa93b","name":"Account creation","fullName":"Account creation: Account creation","historyId":"57efb089ac21b8932cd4a6fa92608c7a","time":{"start":1677457340039,"stop":1677457438207,"duration":98168},"status":"broken","statusMessage":"no such window: target window already closed\nfrom unknown error: web view not found\n  (Session info: chrome=110.0.5481.178)\nBuild info: version: '4.1.0', revision: '87802e897b'\nSystem info: host: 'MR_ACHOUR', ip: '192.168.43.239', os.name: 'Windows 11', os.arch: 'amd64', os.version: '10.0', java.version: '11.0.15.1'\nDriver info: org.openqa.selenium.chrome.ChromeDriver\nCommand: [042bef0d0b8fde98409d57737f94cf98, findElements {using=css selector, value=.ae1678b153 svg}]\nCapabilities {acceptInsecureCerts: false, browserName: chrome, browserVersion: 110.0.5481.178, chrome: {chromedriverVersion: 110.0.5481.77 (65ed616c6e8e..., userDataDir: C:\\Users\\tbena\\AppData\\Loca...}, goog:chromeOptions: {debuggerAddress: localhost:51913}, javascriptEnabled: true, networkConnectionEnabled: false, pageLoadStrategy: normal, platform: WINDOWS, platformName: WINDOWS, proxy: Proxy(), se:cdp: ws://localhost:51913/devtoo..., se:cdpVersion: 110.0.5481.178, setWindowRect: true, strictFileInteractability: false, timeouts: {implicit: 0, pageLoad: 300000, script: 30000}, unhandledPromptBehavior: dismiss and notify, webauthn:extension:credBlob: true, webauthn:extension:largeBlob: true, webauthn:virtualAuthenticators: true}\nSession ID: 042bef0d0b8fde98409d57737f94cf98","statusTrace":"org.openqa.selenium.NoSuchWindowException: no such window: target window already closed\nfrom unknown error: web view not found\n  (Session info: chrome=110.0.5481.178)\nBuild info: version: '4.1.0', revision: '87802e897b'\nSystem info: host: 'MR_ACHOUR', ip: '192.168.43.239', os.name: 'Windows 11', os.arch: 'amd64', os.version: '10.0', java.version: '11.0.15.1'\nDriver info: org.openqa.selenium.chrome.ChromeDriver\nCommand: [042bef0d0b8fde98409d57737f94cf98, findElements {using=css selector, value=.ae1678b153 svg}]\nCapabilities {acceptInsecureCerts: false, browserName: chrome, browserVersion: 110.0.5481.178, chrome: {chromedriverVersion: 110.0.5481.77 (65ed616c6e8e..., userDataDir: C:\\Users\\tbena\\AppData\\Loca...}, goog:chromeOptions: {debuggerAddress: localhost:51913}, javascriptEnabled: true, networkConnectionEnabled: false, pageLoadStrategy: normal, platform: WINDOWS, platformName: WINDOWS, proxy: Proxy(), se:cdp: ws://localhost:51913/devtoo..., se:cdpVersion: 110.0.5481.178, setWindowRect: true, strictFileInteractability: false, timeouts: {implicit: 0, pageLoad: 300000, script: 30000}, unhandledPromptBehavior: dismiss and notify, webauthn:extension:credBlob: true, webauthn:extension:largeBlob: true, webauthn:virtualAuthenticators: true}\nSession ID: 042bef0d0b8fde98409d57737f94cf98\r\n\tat java.base/jdk.internal.reflect.NativeConstructorAccessorImpl.newInstance0(Native Method)\r\n\tat java.base/jdk.internal.reflect.NativeConstructorAccessorImpl.newInstance(NativeConstructorAccessorImpl.java:62)\r\n\tat java.base/jdk.internal.reflect.DelegatingConstructorAccessorImpl.newInstance(DelegatingConstructorAccessorImpl.java:45)\r\n\tat java.base/java.lang.reflect.Constructor.newInstance(Constructor.java:490)\r\n\tat org.openqa.selenium.remote.codec.w3c.W3CHttpResponseCodec.createException(W3CHttpResponseCodec.java:200)\r\n\tat org.openqa.selenium.remote.codec.w3c.W3CHttpResponseCodec.decode(W3CHttpResponseCodec.java:133)\r\n\tat org.openqa.selenium.remote.codec.w3c.W3CHttpResponseCodec.decode(W3CHttpResponseCodec.java:53)\r\n\tat org.openqa.selenium.remote.HttpCommandExecutor.execute(HttpCommandExecutor.java:184)\r\n\tat org.openqa.selenium.remote.service.DriverCommandExecutor.invokeExecute(DriverCommandExecutor.java:164)\r\n\tat org.openqa.selenium.remote.service.DriverCommandExecutor.execute(DriverCommandExecutor.java:139)\r\n\tat org.openqa.selenium.remote.RemoteWebDriver.execute(RemoteWebDriver.java:559)\r\n\tat org.openqa.selenium.remote.ElementLocation$ElementFinder$2.findElements(ElementLocation.java:179)\r\n\tat org.openqa.selenium.remote.ElementLocation.findElements(ElementLocation.java:102)\r\n\tat org.openqa.selenium.remote.RemoteWebDriver.findElements(RemoteWebDriver.java:398)\r\n\tat org.openqa.selenium.remote.RemoteWebDriver.findElements(RemoteWebDriver.java:390)\r\n\tat PagesObjects.homePage.searchGeniusModalButton(homePage.java:36)\r\n\tat stepdefinitions.accountCreationSteps.i_am_on_the_login_page(accountCreationSteps.java:57)\r\n\tat ✽.I am on the login page(file:///C:/Users/tbena/OneDrive/Bureau/K6/Booking_QA/src/test/java/features/TestAccountCreation.feature:5)\r\n","flaky":false,"newFailed":false,"newBroken":false,"newPassed":false,"retriesCount":0,"retriesStatusChange":false,"beforeStages":[{"name":"stepdefinitions.CommonDefinitions.setup()","time":{"start":1677457340048,"stop":1677457348163,"duration":8115},"status":"passed","steps":[],"attachments":[],"parameters":[],"attachmentsCount":0,"shouldDisplayMessage":false,"stepsCount":0,"hasContent":false}],"testStage":{"status":"broken","statusMessage":"no such window: target window already closed\nfrom unknown error: web view not found\n  (Session info: chrome=110.0.5481.178)\nBuild info: version: '4.1.0', revision: '87802e897b'\nSystem info: host: 'MR_ACHOUR', ip: '192.168.43.239', os.name: 'Windows 11', os.arch: 'amd64', os.version: '10.0', java.version: '11.0.15.1'\nDriver info: org.openqa.selenium.chrome.ChromeDriver\nCommand: [042bef0d0b8fde98409d57737f94cf98, findElements {using=css selector, value=.ae1678b153 svg}]\nCapabilities {acceptInsecureCerts: false, browserName: chrome, browserVersion: 110.0.5481.178, chrome: {chromedriverVersion: 110.0.5481.77 (65ed616c6e8e..., userDataDir: C:\\Users\\tbena\\AppData\\Loca...}, goog:chromeOptions: {debuggerAddress: localhost:51913}, javascriptEnabled: true, networkConnectionEnabled: false, pageLoadStrategy: normal, platform: WINDOWS, platformName: WINDOWS, proxy: Proxy(), se:cdp: ws://localhost:51913/devtoo..., se:cdpVersion: 110.0.5481.178, setWindowRect: true, strictFileInteractability: false, timeouts: {implicit: 0, pageLoad: 300000, script: 30000}, unhandledPromptBehavior: dismiss and notify, webauthn:extension:credBlob: true, webauthn:extension:largeBlob: true, webauthn:virtualAuthenticators: true}\nSession ID: 042bef0d0b8fde98409d57737f94cf98","statusTrace":"org.openqa.selenium.NoSuchWindowException: no such window: target window already closed\nfrom unknown error: web view not found\n  (Session info: chrome=110.0.5481.178)\nBuild info: version: '4.1.0', revision: '87802e897b'\nSystem info: host: 'MR_ACHOUR', ip: '192.168.43.239', os.name: 'Windows 11', os.arch: 'amd64', os.version: '10.0', java.version: '11.0.15.1'\nDriver info: org.openqa.selenium.chrome.ChromeDriver\nCommand: [042bef0d0b8fde98409d57737f94cf98, findElements {using=css selector, value=.ae1678b153 svg}]\nCapabilities {acceptInsecureCerts: false, browserName: chrome, browserVersion: 110.0.5481.178, chrome: {chromedriverVersion: 110.0.5481.77 (65ed616c6e8e..., userDataDir: C:\\Users\\tbena\\AppData\\Loca...}, goog:chromeOptions: {debuggerAddress: localhost:51913}, javascriptEnabled: true, networkConnectionEnabled: false, pageLoadStrategy: normal, platform: WINDOWS, platformName: WINDOWS, proxy: Proxy(), se:cdp: ws://localhost:51913/devtoo..., se:cdpVersion: 110.0.5481.178, setWindowRect: true, strictFileInteractability: false, timeouts: {implicit: 0, pageLoad: 300000, script: 30000}, unhandledPromptBehavior: dismiss and notify, webauthn:extension:credBlob: true, webauthn:extension:largeBlob: true, webauthn:virtualAuthenticators: true}\nSession ID: 042bef0d0b8fde98409d57737f94cf98\r\n\tat java.base/jdk.internal.reflect.NativeConstructorAccessorImpl.newInstance0(Native Method)\r\n\tat java.base/jdk.internal.reflect.NativeConstructorAccessorImpl.newInstance(NativeConstructorAccessorImpl.java:62)\r\n\tat java.base/jdk.internal.reflect.DelegatingConstructorAccessorImpl.newInstance(DelegatingConstructorAccessorImpl.java:45)\r\n\tat java.base/java.lang.reflect.Constructor.newInstance(Constructor.java:490)\r\n\tat org.openqa.selenium.remote.codec.w3c.W3CHttpResponseCodec.createException(W3CHttpResponseCodec.java:200)\r\n\tat org.openqa.selenium.remote.codec.w3c.W3CHttpResponseCodec.decode(W3CHttpResponseCodec.java:133)\r\n\tat org.openqa.selenium.remote.codec.w3c.W3CHttpResponseCodec.decode(W3CHttpResponseCodec.java:53)\r\n\tat org.openqa.selenium.remote.HttpCommandExecutor.execute(HttpCommandExecutor.java:184)\r\n\tat org.openqa.selenium.remote.service.DriverCommandExecutor.invokeExecute(DriverCommandExecutor.java:164)\r\n\tat org.openqa.selenium.remote.service.DriverCommandExecutor.execute(DriverCommandExecutor.java:139)\r\n\tat org.openqa.selenium.remote.RemoteWebDriver.execute(RemoteWebDriver.java:559)\r\n\tat org.openqa.selenium.remote.ElementLocation$ElementFinder$2.findElements(ElementLocation.java:179)\r\n\tat org.openqa.selenium.remote.ElementLocation.findElements(ElementLocation.java:102)\r\n\tat org.openqa.selenium.remote.RemoteWebDriver.findElements(RemoteWebDriver.java:398)\r\n\tat org.openqa.selenium.remote.RemoteWebDriver.findElements(RemoteWebDriver.java:390)\r\n\tat PagesObjects.homePage.searchGeniusModalButton(homePage.java:36)\r\n\tat stepdefinitions.accountCreationSteps.i_am_on_the_login_page(accountCreationSteps.java:57)\r\n\tat ✽.I am on the login page(file:///C:/Users/tbena/OneDrive/Bureau/K6/Booking_QA/src/test/java/features/TestAccountCreation.feature:5)\r\n","steps":[{"name":"Given  I am on the login page","time":{"start":1677457348163,"stop":1677457438189,"duration":90026},"status":"broken","statusMessage":"no such window: target window already closed\nfrom unknown error: web view not found\n  (Session info: chrome=110.0.5481.178)\nBuild info: version: '4.1.0', revision: '87802e897b'\nSystem info: host: 'MR_ACHOUR', ip: '192.168.43.239', os.name: 'Windows 11', os.arch: 'amd64', os.version: '10.0', java.version: '11.0.15.1'\nDriver info: org.openqa.selenium.chrome.ChromeDriver\nCommand: [042bef0d0b8fde98409d57737f94cf98, findElements {using=css selector, value=.ae1678b153 svg}]\nCapabilities {acceptInsecureCerts: false, browserName: chrome, browserVersion: 110.0.5481.178, chrome: {chromedriverVersion: 110.0.5481.77 (65ed616c6e8e..., userDataDir: C:\\Users\\tbena\\AppData\\Loca...}, goog:chromeOptions: {debuggerAddress: localhost:51913}, javascriptEnabled: true, networkConnectionEnabled: false, pageLoadStrategy: normal, platform: WINDOWS, platformName: WINDOWS, proxy: Proxy(), se:cdp: ws://localhost:51913/devtoo..., se:cdpVersion: 110.0.5481.178, setWindowRect: true, strictFileInteractability: false, timeouts: {implicit: 0, pageLoad: 300000, script: 30000}, unhandledPromptBehavior: dismiss and notify, webauthn:extension:credBlob: true, webauthn:extension:largeBlob: true, webauthn:virtualAuthenticators: true}\nSession ID: 042bef0d0b8fde98409d57737f94cf98","statusTrace":"org.openqa.selenium.NoSuchWindowException: no such window: target window already closed\nfrom unknown error: web view not found\n  (Session info: chrome=110.0.5481.178)\nBuild info: version: '4.1.0', revision: '87802e897b'\nSystem info: host: 'MR_ACHOUR', ip: '192.168.43.239', os.name: 'Windows 11', os.arch: 'amd64', os.version: '10.0', java.version: '11.0.15.1'\nDriver info: org.openqa.selenium.chrome.ChromeDriver\nCommand: [042bef0d0b8fde98409d57737f94cf98, findElements {using=css selector, value=.ae1678b153 svg}]\nCapabilities {acceptInsecureCerts: false, browserName: chrome, browserVersion: 110.0.5481.178, chrome: {chromedriverVersion: 110.0.5481.77 (65ed616c6e8e..., userDataDir: C:\\Users\\tbena\\AppData\\Loca...}, goog:chromeOptions: {debuggerAddress: localhost:51913}, javascriptEnabled: true, networkConnectionEnabled: false, pageLoadStrategy: normal, platform: WINDOWS, platformName: WINDOWS, proxy: Proxy(), se:cdp: ws://localhost:51913/devtoo..., se:cdpVersion: 110.0.5481.178, setWindowRect: true, strictFileInteractability: false, timeouts: {implicit: 0, pageLoad: 300000, script: 30000}, unhandledPromptBehavior: dismiss and notify, webauthn:extension:credBlob: true, webauthn:extension:largeBlob: true, webauthn:virtualAuthenticators: true}\nSession ID: 042bef0d0b8fde98409d57737f94cf98\r\n\tat java.base/jdk.internal.reflect.NativeConstructorAccessorImpl.newInstance0(Native Method)\r\n\tat java.base/jdk.internal.reflect.NativeConstructorAccessorImpl.newInstance(NativeConstructorAccessorImpl.java:62)\r\n\tat java.base/jdk.internal.reflect.DelegatingConstructorAccessorImpl.newInstance(DelegatingConstructorAccessorImpl.java:45)\r\n\tat java.base/java.lang.reflect.Constructor.newInstance(Constructor.java:490)\r\n\tat org.openqa.selenium.remote.codec.w3c.W3CHttpResponseCodec.createException(W3CHttpResponseCodec.java:200)\r\n\tat org.openqa.selenium.remote.codec.w3c.W3CHttpResponseCodec.decode(W3CHttpResponseCodec.java:133)\r\n\tat org.openqa.selenium.remote.codec.w3c.W3CHttpResponseCodec.decode(W3CHttpResponseCodec.java:53)\r\n\tat org.openqa.selenium.remote.HttpCommandExecutor.execute(HttpCommandExecutor.java:184)\r\n\tat org.openqa.selenium.remote.service.DriverCommandExecutor.invokeExecute(DriverCommandExecutor.java:164)\r\n\tat org.openqa.selenium.remote.service.DriverCommandExecutor.execute(DriverCommandExecutor.java:139)\r\n\tat org.openqa.selenium.remote.RemoteWebDriver.execute(RemoteWebDriver.java:559)\r\n\tat org.openqa.selenium.remote.ElementLocation$ElementFinder$2.findElements(ElementLocation.java:179)\r\n\tat org.openqa.selenium.remote.ElementLocation.findElements(ElementLocation.java:102)\r\n\tat org.openqa.selenium.remote.RemoteWebDriver.findElements(RemoteWebDriver.java:398)\r\n\tat org.openqa.selenium.remote.RemoteWebDriver.findElements(RemoteWebDriver.java:390)\r\n\tat PagesObjects.homePage.searchGeniusModalButton(homePage.java:36)\r\n\tat stepdefinitions.accountCreationSteps.i_am_on_the_login_page(accountCreationSteps.java:57)\r\n\tat ✽.I am on the login page(file:///C:/Users/tbena/OneDrive/Bureau/K6/Booking_QA/src/test/java/features/TestAccountCreation.feature:5)\r\n","steps":[],"attachments":[],"parameters":[],"attachmentsCount":0,"shouldDisplayMessage":true,"stepsCount":0,"hasContent":true},{"name":"And  language used is English","time":{"start":1677457438190,"stop":1677457438190,"duration":0},"status":"skipped","steps":[],"attachments":[],"parameters":[],"attachmentsCount":0,"shouldDisplayMessage":false,"stepsCount":0,"hasContent":false},{"name":"And  Currency is USD","time":{"start":1677457438190,"stop":1677457438191,"duration":1},"status":"skipped","steps":[],"attachments":[],"parameters":[],"attachmentsCount":0,"shouldDisplayMessage":false,"stepsCount":0,"hasContent":false},{"name":"Given  I am in Sign Up page","time":{"start":1677457438191,"stop":1677457438191,"duration":0},"status":"skipped","steps":[],"attachments":[],"parameters":[],"attachmentsCount":0,"shouldDisplayMessage":false,"stepsCount":0,"hasContent":false},{"name":"When  I enter valid \"usertotest@gmail.com\"","time":{"start":1677457438192,"stop":1677457438192,"duration":0},"status":"skipped","steps":[],"attachments":[],"parameters":[],"attachmentsCount":0,"shouldDisplayMessage":false,"stepsCount":0,"hasContent":false},{"name":"And  click on “GET STARTED” button","time":{"start":1677457438192,"stop":1677457438193,"duration":1},"status":"skipped","steps":[],"attachments":[],"parameters":[],"attachmentsCount":0,"shouldDisplayMessage":false,"stepsCount":0,"hasContent":false},{"name":"And  I enter valid \"Azerty@123456\" two times","time":{"start":1677457438193,"stop":1677457438193,"duration":0},"status":"skipped","steps":[],"attachments":[],"parameters":[],"attachmentsCount":0,"shouldDisplayMessage":false,"stepsCount":0,"hasContent":false},{"name":"And  click on “Create Account” button","time":{"start":1677457438195,"stop":1677457438195,"duration":0},"status":"skipped","steps":[],"attachments":[],"parameters":[],"attachmentsCount":0,"shouldDisplayMessage":false,"stepsCount":0,"hasContent":false},{"name":"And  main page is opened","time":{"start":1677457438196,"stop":1677457438196,"duration":0},"status":"skipped","steps":[],"attachments":[],"parameters":[],"attachmentsCount":0,"shouldDisplayMessage":false,"stepsCount":0,"hasContent":false},{"name":"And  I click on “Manage Acounts” button under account menu","time":{"start":1677457438197,"stop":1677457438197,"duration":0},"status":"skipped","steps":[],"attachments":[],"parameters":[],"attachmentsCount":0,"shouldDisplayMessage":false,"stepsCount":0,"hasContent":false},{"name":"And  I click on “Personal Details” button under manage accounts section","time":{"start":1677457438197,"stop":1677457438198,"duration":1},"status":"skipped","steps":[],"attachments":[],"parameters":[],"attachmentsCount":0,"shouldDisplayMessage":false,"stepsCount":0,"hasContent":false},{"name":"Then  “Personal Details” page is opened","time":{"start":1677457438198,"stop":1677457438198,"duration":0},"status":"skipped","steps":[],"attachments":[],"parameters":[],"attachmentsCount":0,"shouldDisplayMessage":false,"stepsCount":0,"hasContent":false},{"name":"And  correct value is prefilled in email verification placeholder based on registered \"usertotest@gmail.com\"","time":{"start":1677457438198,"stop":1677457438198,"duration":0},"status":"skipped","steps":[],"attachments":[],"parameters":[],"attachmentsCount":0,"shouldDisplayMessage":false,"stepsCount":0,"hasContent":false}],"attachments":[],"parameters":[],"attachmentsCount":0,"shouldDisplayMessage":false,"stepsCount":13,"hasContent":true},"afterStages":[{"name":"stepdefinitions.CommonDefinitions.tearDown(io.cucumber.java.Scenario)","time":{"start":1677457438198,"stop":1677457438206,"duration":8},"status":"passed","steps":[],"attachments":[],"parameters":[],"attachmentsCount":0,"shouldDisplayMessage":false,"stepsCount":0,"hasContent":false}],"labels":[{"name":"host","value":"MR_ACHOUR"},{"name":"thread","value":"22980@MR_ACHOUR.TestNG-PoolService-0(16)"},{"name":"feature","value":"Account creation"},{"name":"story","value":"Account creation"},{"name":"suite","value":"Account creation"},{"name":"testClass","value":"Account creation"},{"name":"framework","value":"cucumber4jvm"},{"name":"language","value":"java"},{"name":"gherkin_uri","value":"file:///C:/Users/tbena/OneDrive/Bureau/K6/Booking_QA/src/test/java/features/TestAccountCreation.feature"},{"name":"package","value":"src.test.java.features.TestAccountCreation_feature.Account creation"},{"name":"resultFormat","value":"allure2"}],"parameters":[{"name":"password","value":"Azerty@123456"},{"name":"useremail","value":"usertotest@gmail.com"}],"links":[],"hidden":true,"retry":true,"extra":{"categories":[],"tags":[]},"source":"213e00109cfa93b.json","parameterValues":["Azerty@123456","usertotest@gmail.com"]}